<?xml version="1.0" encoding="UTF-8"?>
<testng-results ignored="0" total="2" passed="2" failed="0" skipped="0">
  <reporter-output>
  </reporter-output>
  <suite started-at="2022-07-20T14:35:52 UYT" name="Pyxis Interview Suite" finished-at="2022-07-20T14:36:27 UYT" duration-ms="35275">
    <groups>
    </groups>
    <test started-at="2022-07-20T14:35:52 UYT" name="Trello 1st Test" finished-at="2022-07-20T14:36:10 UYT" duration-ms="18498">
      <class name="Technical.Interview.Pyxis">
        <test-method is-config="true" signature="initialize()[pri:0, instance:Technical.Interview.Pyxis@41e1e210]" started-at="2022-07-20T14:35:52 UYT" name="initialize" finished-at="2022-07-20T14:35:54 UYT" duration-ms="2463" status="PASS">
          <reporter-output>
          </reporter-output>
        </test-method> <!-- initialize -->
        <test-method signature="navigate(java.lang.String,java.lang.String,java.lang.String,java.lang.String)[pri:0, instance:Technical.Interview.Pyxis@41e1e210]" started-at="2022-07-20T14:35:54 UYT" name="navigate" finished-at="2022-07-20T14:36:10 UYT" duration-ms="15842" status="PASS">
          <params>
            <param index="0">
              <value>
                <![CDATA[gcabanaciu@gmail.com]]>
              </value>
            </param>
            <param index="1">
              <value>
                <![CDATA[Test2021]]>
              </value>
            </param>
            <param index="2">
              <value>
                <![CDATA[1st Board]]>
              </value>
            </param>
            <param index="3">
              <value>
                <![CDATA[1st List]]>
              </value>
            </param>
          </params>
          <reporter-output>
          </reporter-output>
        </test-method> <!-- navigate -->
        <test-method is-config="true" signature="tearDown(org.testng.ITestResult)[pri:0, instance:Technical.Interview.Pyxis@41e1e210]" started-at="2022-07-20T14:36:10 UYT" name="tearDown" finished-at="2022-07-20T14:36:10 UYT" duration-ms="143" status="PASS">
          <params>
            <param index="0">
              <value>
                <![CDATA[[TestResult name=navigate status=SUCCESS method=Pyxis.navigate(java.lang.String,java.lang.String,java.lang.String,java.lang.String)[pri:0, instance:Technical.Interview.Pyxis@41e1e210] output={null}]]]>
              </value>
            </param>
          </params>
          <reporter-output>
          </reporter-output>
        </test-method> <!-- tearDown -->
      </class> <!-- Technical.Interview.Pyxis -->
    </test> <!-- Trello 1st Test -->
    <test started-at="2022-07-20T14:36:11 UYT" name="Trello 2nd Test" finished-at="2022-07-20T14:36:27 UYT" duration-ms="16716">
      <class name="Technical.Interview.Pyxis">
        <test-method is-config="true" signature="initialize()[pri:0, instance:Technical.Interview.Pyxis@7205765b]" started-at="2022-07-20T14:36:11 UYT" name="initialize" finished-at="2022-07-20T14:36:13 UYT" duration-ms="2022" status="PASS">
          <reporter-output>
          </reporter-output>
        </test-method> <!-- initialize -->
        <test-method signature="navigate(java.lang.String,java.lang.String,java.lang.String,java.lang.String)[pri:0, instance:Technical.Interview.Pyxis@7205765b]" started-at="2022-07-20T14:36:13 UYT" name="navigate" finished-at="2022-07-20T14:36:27 UYT" duration-ms="14576" status="PASS">
          <params>
            <param index="0">
              <value>
                <![CDATA[gcabanaciu@gmail.com]]>
              </value>
            </param>
            <param index="1">
              <value>
                <![CDATA[Test2021]]>
              </value>
            </param>
            <param index="2">
              <value>
                <![CDATA[2nd Board]]>
              </value>
            </param>
            <param index="3">
              <value>
                <![CDATA[2nd List]]>
              </value>
            </param>
          </params>
          <reporter-output>
          </reporter-output>
        </test-method> <!-- navigate -->
        <test-method is-config="true" signature="tearDown(org.testng.ITestResult)[pri:0, instance:Technical.Interview.Pyxis@7205765b]" started-at="2022-07-20T14:36:27 UYT" name="tearDown" finished-at="2022-07-20T14:36:27 UYT" duration-ms="116" status="PASS">
          <params>
            <param index="0">
              <value>
                <![CDATA[[TestResult name=navigate status=SUCCESS method=Pyxis.navigate(java.lang.String,java.lang.String,java.lang.String,java.lang.String)[pri:0, instance:Technical.Interview.Pyxis@7205765b] output={null}]]]>
              </value>
            </param>
          </params>
          <reporter-output>
          </reporter-output>
        </test-method> <!-- tearDown -->
      </class> <!-- Technical.Interview.Pyxis -->
    </test> <!-- Trello 2nd Test -->
  </suite> <!-- Pyxis Interview Suite -->
</testng-results>
